<?xml version="1.0" encoding="UTF-8" ?>
<testsuite errors="0" failures="0" hostname="KOs-MacBook.local" name="connect4.GameBoardBeanTest" tests="6" time="0.117" timestamp="2011-03-07T06:15:12">
  <properties>
[...]
</properties>
  <testcase classname="connect4.GameBoardBeanTest" name="testRow" time="0.0040" />
  <testcase classname="connect4.GameBoardBeanTest" name="testColumn" time="0.0" />
  <testcase classname="connect4.GameBoardBeanTest" name="testDiagonal" time="0.0" />
  <testcase classname="connect4.GameBoardBeanTest" name="testOffBoard" time="0.0040" />
  <testcase classname="connect4.GameBoardBeanTest" name="testWinner" time="0.0" />
  <testcase classname="connect4.GameBoardBeanTest" name="testReset" time="0.0010" />
  <system-out><![CDATA[]]></system-out>
  <system-err><![CDATA[]]></system-err>
</testsuite>
